Warning: no access to tty (Bad file descriptor).
Thus no job control in this shell.
/----------------------------------------------------------\\
|      _   __ ______ __ __  ______  ____    ____    ____   |
|     / | / // ____// //_/ / ____/ / __ \\ / __ \\ / __ \\ |
|    /  |/ // __/  / ,<   /___ \\  / / / // / / // / / /   |
|   / /|  // /___ / /| | ____/ / / /_/ // /_/ // /_/ /     |
|  /_/ |_//_____//_/ |_|/_____/  \\____/ \\____/ \\____/   |
|                                                          |
|----------------------------------------------------------|
|                                                          |
| NEK5000:  Open Source Spectral Element Solver            |
| COPYRIGHT (c) 2008-2010 UCHICAGO ARGONNE, LLC            |
| Version:  1.0rc1 / SVN  r1036                            |
| Web:      http://nek5000.mcs.anl.gov                     |
|                                                          |
\\----------------------------------------------------------/
                                                              

 Number of processors: 4
 REAL    wdsize      : 8
 INTEGER wdsize      : 4


  Beginning session:
  /lustre/atlas/scratch/mmin/nti104/nek5_r1039_acc/pipe_r1039_acc/stenosis.rea  

 
 timer accuracy:   0.0000000E+00 sec

 read .rea file
 nelgt/nelgv/lelt:         400         400         410
 lx1  /lx2  /lx3 :           8           8           8

 mapping elements to processors
 0,  2*100,  2*400  NELV
 RANK     0 IEG     301     302     303     304     305     306     307     308
                    309     310     311     312     313     314     315     316
                    317     318     319     320     321     322     323     324
                    325     326     327     328     329     330     331     332
                    333     334     335     336     337     338     339     340
                    341     342     343     344     345     346     347     348
                    349     350     351     352     353     354     355     356
                    357     358     359     360     361     362     363     364
                    365     366     367     368     369     370     371     372
                    373     374     375     376     377     378     379     380
                    381     382     383     384     385     386     387     388
                    389     390     391     392     393     394     395     396
                    397     398     399     400
 1,  2*100,  2*400  NELV
 2,  2*100,  2*400  NELV
 3,  2*100,  2*400  NELV
 element load imbalance:  0,  2*100
 done :: mapping elements to processors
  
 0  objects found
 done :: read .rea file   0.45450E-01 sec

 setup mesh topology
   Right-handed check complete for     400 elements. OK.
   setvert3d:   8       55869      142269       55869       55869
 call usrsetvert
 done :: usrsetvert

gs_setup: 3027 unique labels shared
   pairwise times (avg, min, max): 1.21534e-05 1.18971e-05 1.23978e-05
   crystal router                : 2.05517e-05 2.0504e-05 2.05994e-05
   all reduce                    : 5.99742e-05 5.98907e-05 6.001e-05
   used all_to_all method: pairwise
   handle bytes (avg, min, max): 343532 331412 355652
   buffer bytes (avg, min, max): 24216 16144 32288
   setupds time 3.6016E-02 seconds   0  8       55869         400
gs_setup: 3027 unique labels shared
   pairwise times (avg, min, max): 9.64999e-06 9.41753e-06 9.799e-06
   crystal router                : 2.01285e-05 2.00987e-05 2.01941e-05
   all reduce                    : 5.90503e-05 5.89848e-05 5.9104e-05
   used all_to_all method: pairwise
   handle bytes (avg, min, max): 343532 331412 355652
   buffer bytes (avg, min, max): 24216 16144 32288
gs_setup: 3027 unique labels shared
   pairwise times (avg, min, max): 9.77516e-06 9.39369e-06 1.00136e-05
   crystal router                : 2.01702e-05 2.00987e-05 2.01941e-05
   all reduce                    : 6.07848e-05 6.02961e-05 6.10113e-05
   used all_to_all method: pairwise
   handle bytes (avg, min, max): 36556 24436 48676
   buffer bytes (avg, min, max): 24216 16144 32288
 12516,  27392,  12516,  1009
 12516,  27392,  12516,  1009
 13284,  28160,  13284,  2018
 13284,  28160,  13284,  2018
 8  max multiplicity
 done :: setup mesh topology
  
 call usrdat
 done :: usrdat

 generate geometry data
 vol_t,vol_v: 2*31.415931806500986
 done :: generate geometry data
  
 call usrdat2
 done :: usrdat2

 regenerate geometry data 1
 vol_t,vol_v: 2*9.5719959666817296
 NOTE: All elements deformed , param(59) ^=0
 done :: regenerate geometry data 1
  
 verify mesh topology
 -0.5,  0.5  Xrange
 -0.5,  0.5  Yrange
 -3.,  10.  Zrange
 done :: verify mesh topology
  
 103   Parameters from file:/lustre/atlas/scratch/mmin/nti104/nek5_r1039_acc/pipe_r1039_acc/stenosis.rea
   1      1.00000         p1  DENSITY
   2     -100.000         p2  VISCOS
   7      1.00000         p7  RHOCP
   8      1.00000         p8  CONDUCT
  11      10.             p11 NSTEPS
  12     -0.2000E-03      p12 DT
  15      1000.             p15 IOSTEP
  18     -20.00000        p18 GRID
  19     -1.00000         p19 INTYPE
  20      10.0000         p20 NORDER
  21      0.100000E-05    p21 DIVERGENCE
  22      0.100000E-06    p22 HELMHOLTZ
  24      0.100000E-01    p24 TOLREL
  25      0.100000E-01    p25 TOLABS
  26      1.00000         p26 COURANT/NTAU
  27      2.00000         p27 TORDER
  28      0.              p28 TORDER: mesh velocity (0: p28=p27)
  34      1.
  59      0.              p59 !=0 --> full Jac. eval. for each el.
  65      1.00000         p65 #iofiles (eg, 0 or 64); <0 --> sep. dirs
  93      20.0000           p93 Number of previous pressure solns saved
  95      5.00000          p95 start projecting pressure after p95 step
  99      0.               p99   dealiasing: <0--> off/3--> old/4--> new
 102      1.00000          p102   Dump out divergence at each time step
 103     -1.00000          p103   weight of stabilizing filter (.01)
  
 IFTRAN   = T
 IFFLOW   = T
 IFHEAT   = F
 IFSPLIT  = T
 IFLOMACH = F
 IFUSERVP = F
 IFUSERMV = F
 IFSTRS   = F
 IFCHAR   = T
 IFCYCLIC = F
 IFAXIS   = F
 IFMVBD   = F
 IFMELT   = F
 IFMODEL  = F
 IFKEPS   = F
 IFMOAB   = F
 IFNEKNEK = F
 IFSYNC   = T
   
 IFVCOR   = F
 IFINTQ   = F
 IFCWUZ   = F
 IFSWALL  = F
 IFGEOM   = F
 IFSURT   = F
 IFWCNO   = F
   
 IFTMSH for field 1    =  F
 IFADVC for field 1    =  T
 IFNONL for field 1    =  F
   
 Dealiasing enabled, lxd= 8
  
 Estimated eigenvalues
 EIGAA =  6.5992029427402201
 EIGGA =  1076720.1362887782
 EIGAE =  5.84000260419488618E-2
 EIGAS =  7.37463126843657915E-4
 EIGGE =  1076720.1362887782
 EIGGS =  2.
  
 verify mesh topology
 -0.5,  0.5  Xrange
 -0.5,  0.5  Yrange
 -3.,  10.  Zrange
 done :: verify mesh topology
  
  E-solver strategy:  0 itr
 mg_nx: 1,  3,  7
 mg_ny: 1,  3,  7
 mg_nz: 1,  3,  7
 call usrsetvert
 done :: usrsetvert

gs_setup: 75 unique labels shared
   pairwise times (avg, min, max): 4.27365e-06 4.19617e-06 4.41074e-06
   crystal router                : 5.84722e-06 5.79357e-06 5.91278e-06
   all reduce                    : 7.52807e-06 7.48634e-06 7.60555e-06
   used all_to_all method: pairwise
   handle bytes (avg, min, max): 8732 8420 9044
   buffer bytes (avg, min, max): 600 400 800
   setupds time 1.0250E-03 seconds   3  2         525         400
   setvert3d:   4        8573       11773        8573        8573
 call usrsetvert
 done :: usrsetvert

gs_setup: 579 unique labels shared
   pairwise times (avg, min, max): 5.19753e-06 5.10216e-06 5.29289e-06
   crystal router                : 8.10027e-06 8.08239e-06 8.10623e-06
   all reduce                    : 1.71781e-05 1.70946e-05 1.73092e-05
   used all_to_all method: pairwise
   handle bytes (avg, min, max): 64652 62324 66980
   buffer bytes (avg, min, max): 4632 3088 6176
   setupds time 7.5080E-03 seconds   4  4        8573         400
   setvert3d:   4        8573       11773        8573        8573
 call usrsetvert
 done :: usrsetvert

gs_setup: 579 unique labels shared
   pairwise times (avg, min, max): 5.19753e-06 5.07832e-06 5.31673e-06
   crystal router                : 8.24928e-06 8.2016e-06 8.29697e-06
   all reduce                    : 1.76728e-05 1.75953e-05 1.77145e-05
   used all_to_all method: pairwise
   handle bytes (avg, min, max): 64652 62324 66980
   buffer bytes (avg, min, max): 4632 3088 6176
   setupds time 7.2880E-03 seconds   5  4        8573         400
   setvert3d:   6       27021       52621       27021       27021
 call usrsetvert
 done :: usrsetvert

gs_setup: 1563 unique labels shared
   pairwise times (avg, min, max): 7.27773e-06 7.10487e-06 7.41482e-06
   crystal router                : 1.29223e-05 1.28984e-05 1.29938e-05
   all reduce                    : 2.5475e-05 2.53916e-05 2.55108e-05
   used all_to_all method: pairwise
   handle bytes (avg, min, max): 176252 169988 182516
   buffer bytes (avg, min, max): 12504 8336 16672
   setupds time 1.9296E-02 seconds   6  6       27021         400
 regenerate geometry data 1
 vol_t,vol_v: 2*9.5719959666817296
 NOTE: All elements deformed , param(59) ^=0
 done :: regenerate geometry data 1
  
 h1_mg_nx: 1,  3,  7
 h1_mg_ny: 1,  3,  7
 h1_mg_nz: 1,  3,  7
 call usrsetvert
 done :: usrsetvert

gs_setup: 75 unique labels shared
   pairwise times (avg, min, max): 4.57764e-06 4.41074e-06 4.72069e-06
   crystal router                : 5.93066e-06 5.88894e-06 6.00815e-06
   all reduce                    : 7.58171e-06 7.51019e-06 7.60555e-06
   used all_to_all method: pairwise
   handle bytes (avg, min, max): 8732 8420 9044
   buffer bytes (avg, min, max): 600 400 800
   setupds time 1.0159E-03 seconds   7  2         525         400
   setvert3d:   4        8573       11773        8573        8573
 call usrsetvert
 done :: usrsetvert

gs_setup: 579 unique labels shared
   pairwise times (avg, min, max): 6.13928e-06 5.98431e-06 6.38962e-06
   crystal router                : 8.95858e-06 8.89301e-06 9.01222e-06
   all reduce                    : 1.85728e-05 1.85013e-05 1.85966e-05
   used all_to_all method: pairwise
   handle bytes (avg, min, max): 64652 62324 66980
   buffer bytes (avg, min, max): 4632 3088 6176
   setupds time 7.5490E-03 seconds   8  4        8573         400
   setvert3d:   4        8573       11773        8573        8573
 call usrsetvert
 done :: usrsetvert

gs_setup: 579 unique labels shared
   pairwise times (avg, min, max): 5.27501e-06 5.10216e-06 5.4121e-06
   crystal router                : 8.32677e-06 8.29697e-06 8.41618e-06
   all reduce                    : 1.81913e-05 1.81913e-05 1.81913e-05
   used all_to_all method: pairwise
   handle bytes (avg, min, max): 64652 62324 66980
   buffer bytes (avg, min, max): 4632 3088 6176
   setupds time 7.1869E-03 seconds   9  4        8573         400
   setvert3d:   6       27021       52621       27021       27021
 call usrsetvert
 done :: usrsetvert

gs_setup: 1563 unique labels shared
   pairwise times (avg, min, max): 7.31945e-06 7.08103e-06 7.51019e-06
   crystal router                : 1.32442e-05 1.31845e-05 1.33038e-05
   all reduce                    : 2.62737e-05 2.61784e-05 2.63214e-05
   used all_to_all method: pairwise
   handle bytes (avg, min, max): 176252 169988 182516
   buffer bytes (avg, min, max): 12504 8336 16672
   setupds time 1.9242E-02 seconds  10  6       27021         400
   setvert3d:   8       55869      142269       55869       55869
 call usrsetvert
 done :: usrsetvert

gs_setup: 3027 unique labels shared
   pairwise times (avg, min, max): 1.00434e-05 9.799e-06 1.02043e-05
   crystal router                : 1.99974e-05 1.98841e-05 2.00987e-05
   all reduce                    : 6.46532e-05 6.45876e-05 6.47068e-05
   used all_to_all method: pairwise
   handle bytes (avg, min, max): 343532 331412 355652
   buffer bytes (avg, min, max): 24216 16144 32288
   setupds time 2.7963E-02 seconds  11  8       55869         400
   setvert3d:  10       95117      299917       95117       95117
 call usrsetvert
 done :: usrsetvert

gs_setup: 4971 unique labels shared
   pairwise times (avg, min, max): 2.54571e-05 2.51055e-05 2.56062e-05
   crystal router                : 4.93467e-05 4.91858e-05 4.95195e-05
   all reduce                    : 0.000101525 0.000101495 0.00010159
   used all_to_all method: pairwise
   handle bytes (avg, min, max): 566492 546596 586388
   buffer bytes (avg, min, max): 39768 26512 53024
   setupds time 4.5358E-02 seconds  12 10       95117         400
 call usrsetvert
 done :: usrsetvert

gs_setup: 75 unique labels shared
   pairwise times (avg, min, max): 4.27961e-06 4.19617e-06 4.41074e-06
   crystal router                : 5.9247e-06 5.88894e-06 6.00815e-06
   all reduce                    : 7.57575e-06 7.51019e-06 7.60555e-06
   used all_to_all method: pairwise
   handle bytes (avg, min, max): 8732 8420 9044
   buffer bytes (avg, min, max): 600 400 800
gs_setup: 75 unique labels shared
   pairwise times (avg, min, max): 4.20213e-06 4.1008e-06 4.31538e-06
   crystal router                : 6.19888e-06 6.10352e-06 6.29425e-06
   all reduce                    : 7.61747e-06 7.58171e-06 7.67708e-06
   used all_to_all method: pairwise
   handle bytes (avg, min, max): 1132 820 1444
   buffer bytes (avg, min, max): 600 400 800
 150,  800,  150,  25
   setupds time 1.8830E-03 seconds  14  2         525         400
 150,  800,  150,  25
 150,  800,  150,  50
 150,  800,  150,  50
   setvert3d:   4        8573       11773        8573        8573
 call usrsetvert
 done :: usrsetvert

gs_setup: 579 unique labels shared
   pairwise times (avg, min, max): 5.22733e-06 5.10216e-06 5.31673e-06
   crystal router                : 8.30293e-06 8.29697e-06 8.32081e-06
   all reduce                    : 1.97947e-05 1.97887e-05 1.98126e-05
   used all_to_all method: pairwise
   handle bytes (avg, min, max): 64652 62324 66980
   buffer bytes (avg, min, max): 4632 3088 6176
gs_setup: 579 unique labels shared
   pairwise times (avg, min, max): 5.126e-06 5.00679e-06 5.19753e-06
   crystal router                : 8.27909e-06 8.2016e-06 8.32081e-06
   all reduce                    : 2.03669e-05 2.01941e-05 2.0504e-05
   used all_to_all method: pairwise
   handle bytes (avg, min, max): 7180 4852 9508
   buffer bytes (avg, min, max): 4632 3088 6176
 2032,  5344,  2032,  193
   setupds time 1.0745E-02 seconds  16  4        8573         400
 2032,  5344,  2032,  193
 2128,  5440,  2128,  386
 2128,  5440,  2128,  386
   setvert3d:   4        8573       11773        8573        8573
 call usrsetvert
 done :: usrsetvert

gs_setup: 579 unique labels shared
   pairwise times (avg, min, max): 5.14984e-06 5.00679e-06 5.29289e-06
   crystal router                : 8.74996e-06 8.70228e-06 8.79765e-06
   all reduce                    : 2.03431e-05 2.02894e-05 2.04086e-05
   used all_to_all method: pairwise
   handle bytes (avg, min, max): 64652 62324 66980
   buffer bytes (avg, min, max): 4632 3088 6176
gs_setup: 579 unique labels shared
   pairwise times (avg, min, max): 5.126e-06 5.00679e-06 5.19753e-06
   crystal router                : 8.29697e-06 8.29697e-06 8.29697e-06
   all reduce                    : 1.94669e-05 1.93834e-05 1.95026e-05
   used all_to_all method: pairwise
   handle bytes (avg, min, max): 7180 4852 9508
   buffer bytes (avg, min, max): 4632 3088 6176
 2032,  5344,  2032,  193
   setupds time 1.0454E-02 seconds  18  4        8573         400
 2032,  5344,  2032,  193
 2128,  5440,  2128,  386
 2128,  5440,  2128,  386
   setvert3d:   6       27021       52621       27021       27021
 call usrsetvert
 done :: usrsetvert

gs_setup: 1563 unique labels shared
   pairwise times (avg, min, max): 7.36713e-06 7.20024e-06 7.48634e-06
   crystal router                : 1.31071e-05 1.30892e-05 1.3113e-05
   all reduce                    : 2.62499e-05 2.62022e-05 2.62976e-05
   used all_to_all method: pairwise
   handle bytes (avg, min, max): 176252 169988 182516
   buffer bytes (avg, min, max): 12504 8336 16672
gs_setup: 1563 unique labels shared
   pairwise times (avg, min, max): 7.12276e-06 6.8903e-06 7.29561e-06
   crystal router                : 1.31726e-05 1.30892e-05 1.32084e-05
   all reduce                    : 2.8193e-05 2.81811e-05 2.82049e-05
   used all_to_all method: pairwise
   handle bytes (avg, min, max): 18988 12724 25252
   buffer bytes (avg, min, max): 12504 8336 16672
 6154,  14208,  6154,  521
   setupds time 2.9903E-02 seconds  20  6       27021         400
 6154,  14208,  6154,  521
 6506,  14560,  6506,  1042
 6506,  14560,  6506,  1042
   setvert3d:   8       55869      142269       55869       55869
 call usrsetvert
 done :: usrsetvert

gs_setup: 3027 unique labels shared
   pairwise times (avg, min, max): 9.72748e-06 9.39369e-06 9.91821e-06
   crystal router                : 2.01344e-05 2.00987e-05 2.02179e-05
   all reduce                    : 6.66797e-05 6.66142e-05 6.67095e-05
   used all_to_all method: pairwise
   handle bytes (avg, min, max): 343532 331412 355652
   buffer bytes (avg, min, max): 24216 16144 32288
gs_setup: 3027 unique labels shared
   pairwise times (avg, min, max): 9.9957e-06 9.70364e-06 1.02043e-05
   crystal router                : 2.00748e-05 2.00033e-05 2.00987e-05
   all reduce                    : 6.55532e-05 6.54936e-05 6.56128e-05
   used all_to_all method: pairwise
   handle bytes (avg, min, max): 36556 24436 48676
   buffer bytes (avg, min, max): 24216 16144 32288
 12516,  27392,  12516,  1009
 13284,  28160,  13284,  2018
 13284,  28160,  13284,  2018
 12516,  27392,  12516,  1009
   setupds time 5.2212E-02 seconds  22  8       55869         400
   setvert3d:  10       95117      299917       95117       95117
 call usrsetvert
 done :: usrsetvert

gs_setup: 4971 unique labels shared
   pairwise times (avg, min, max): 3.08692e-05 3.05891e-05 3.10898e-05
   crystal router                : 5.5778e-05 5.56946e-05 5.59092e-05
   all reduce                    : 0.000109553 0.000109506 0.000109601
   used all_to_all method: pairwise
   handle bytes (avg, min, max): 566492 546596 586388
   buffer bytes (avg, min, max): 39768 26512 53024
gs_setup: 4971 unique labels shared
   pairwise times (avg, min, max): 3.19421e-05 3.16858e-05 3.21865e-05
   crystal router                : 5.70774e-05 5.69105e-05 5.7292e-05
   all reduce                    : 0.000115198 0.000115013 0.000115395
   used all_to_all method: pairwise
   handle bytes (avg, min, max): 59884 39988 79780
   buffer bytes (avg, min, max): 39768 26512 53024
 21118,  44896,  21118,  1657
   setupds time 8.7785E-02 seconds  24 10       95117         400
 21118,  44896,  21118,  1657
 22462,  46240,  22462,  3314
 22462,  46240,  22462,  3314
 setup h1 coarse grid, nx_crs= 2
 call usrsetvert
 done :: usrsetvert

gs_setup: 75 unique labels shared
   pairwise times (avg, min, max): 4.42863e-06 4.31538e-06 4.50611e-06
   crystal router                : 5.98431e-06 5.91278e-06 6.10352e-06
   all reduce                    : 1.39236e-05 1.38998e-05 1.39952e-05
   used all_to_all method: pairwise
   handle bytes (avg, min, max): 8732 8420 9044
   buffer bytes (avg, min, max): 600 400 800
 done :: setup h1 coarse grid  2.75290012359619141E-2  sec
  
 call usrdat3
 done :: usrdat3

 set initial conditions
 nekuic (1) for ifld  1
 call nekuic for vel  
 xyz min   -0.50000     -0.50000      -3.0000    
 uvwpt min  0.93046E-20  0.93046E-20  0.93046E-20  0.93046E-20  0.93046E-20
 PS min     0.99000E+22
 xyz max    0.50000      0.50000       10.000    
 uvwpt max  0.80000E-19  0.80000E-19  0.80000E-19  0.80000E-19  0.80000E-19
 PS max    -0.99000E+22
 done :: set initial conditions
  
 call userchk
 done :: userchk

gridpoints unique/tot:        142269       204800
  dofs: 133420,  141260
  
 Initialization successfully completed   0.86944     sec

Starting time loop ...

     DT/DTCFL/DTFS/DTINIT   0.200E-03   0.763E-16   0.941-320   0.200E-03
Step      1, t= 2.0000000E-04, DT= 2.0000000E-04, C=  0.000 0.0000E+00 0.0000E+00
 Solving for fluid 3*T
 9.99999999999999955E-8  p22  2*1
    1 1.00000E-06 2.36902E+01 3.37384E+01 7.02173E-01       1 Divergence
    2 1.00000E-06 2.34214E+01 3.37384E+01 6.94206E-01       1 Divergence
    3 1.00000E-06 2.22792E+01 3.37384E+01 6.60353E-01       1 Divergence
    4 1.00000E-06 2.19147E+01 3.37384E+01 6.49547E-01       1 Divergence
    5 1.00000E-06 2.02501E+01 3.37384E+01 6.00208E-01       1 Divergence
    6 1.00000E-06 1.85763E+01 3.37384E+01 5.50598E-01       1 Divergence
    7 1.00000E-06 1.65941E+01 3.37384E+01 4.91847E-01       1 Divergence
    8 1.00000E-06 1.50731E+01 3.37384E+01 4.46764E-01       1 Divergence
    9 1.00000E-06 1.28408E+01 3.37384E+01 3.80598E-01       1 Divergence
   10 1.00000E-06 9.75618E+00 3.37384E+01 2.89172E-01       1 Divergence
   11 1.00000E-06 7.62288E+00 3.37384E+01 2.25941E-01       1 Divergence
   12 1.00000E-06 6.14558E+00 3.37384E+01 1.82154E-01       1 Divergence
   13 1.00000E-06 4.87772E+00 3.37384E+01 1.44575E-01       1 Divergence
   14 1.00000E-06 4.00314E+00 3.37384E+01 1.18653E-01       1 Divergence
   15 1.00000E-06 3.21894E+00 3.37384E+01 9.54090E-02       1 Divergence
   16 1.00000E-06 2.40206E+00 3.37384E+01 7.11965E-02       1 Divergence
   17 1.00000E-06 1.60448E+00 3.37384E+01 4.75564E-02       1 Divergence
   18 1.00000E-06 1.11788E+00 3.37384E+01 3.31336E-02       1 Divergence
   19 1.00000E-06 7.94036E-01 3.37384E+01 2.35351E-02       1 Divergence
   20 1.00000E-06 5.53712E-01 3.37384E+01 1.64119E-02       1 Divergence
   21 1.00000E-06 3.94162E-01 3.37384E+01 1.16829E-02       1 Divergence
   22 1.00000E-06 2.80892E-01 3.37384E+01 8.32558E-03       1 Divergence
   23 1.00000E-06 1.83570E-01 3.37384E+01 5.44099E-03       1 Divergence
   24 1.00000E-06 1.24651E-01 3.37384E+01 3.69465E-03       1 Divergence
   25 1.00000E-06 8.45606E-02 3.37384E+01 2.50636E-03       1 Divergence
   26 1.00000E-06 6.04233E-02 3.37384E+01 1.79094E-03       1 Divergence
   27 1.00000E-06 4.03710E-02 3.37384E+01 1.19659E-03       1 Divergence
   28 1.00000E-06 2.49171E-02 3.37384E+01 7.38540E-04       1 Divergence
   29 1.00000E-06 1.53741E-02 3.37384E+01 4.55686E-04       1 Divergence
   30 1.00000E-06 9.54810E-03 3.37384E+01 2.83004E-04       1 Divergence
   31 1.00000E-06 7.25097E-03 3.37384E+01 2.14918E-04       1 Divergence
   32 1.00000E-06 5.39202E-03 3.37384E+01 1.59819E-04       1 Divergence
   33 1.00000E-06 3.67231E-03 3.37384E+01 1.08847E-04       1 Divergence
   34 1.00000E-06 2.38496E-03 3.37384E+01 7.06898E-05       1 Divergence
   35 1.00000E-06 1.59963E-03 3.37384E+01 4.74129E-05       1 Divergence
   36 1.00000E-06 1.06609E-03 3.37384E+01 3.15987E-05       1 Divergence
   37 1.00000E-06 7.77925E-04 3.37384E+01 2.30576E-05       1 Divergence
   38 1.00000E-06 5.60216E-04 3.37384E+01 1.66047E-05       1 Divergence
   39 1.00000E-06 3.84408E-04 3.37384E+01 1.13938E-05       1 Divergence
   40 1.00000E-06 3.03896E-04 3.37384E+01 9.00742E-06       1 Divergence
   41 1.00000E-06 2.37187E-04 3.37384E+01 7.03017E-06       1 Divergence
   42 1.00000E-06 1.82597E-04 3.37384E+01 5.41216E-06       1 Divergence
   43 1.00000E-06 1.54137E-04 3.37384E+01 4.56858E-06       1 Divergence
   44 1.00000E-06 1.14158E-04 3.37384E+01 3.38362E-06       1 Divergence
   45 1.00000E-06 9.03336E-05 3.37384E+01 2.67747E-06       1 Divergence
   46 1.00000E-06 6.58591E-05 3.37384E+01 1.95205E-06       1 Divergence
   47 1.00000E-06 4.69035E-05 3.37384E+01 1.39021E-06       1 Divergence
   48 1.00000E-06 3.21884E-05 3.37384E+01 9.54059E-07       1 Divergence
   49 1.00000E-06 2.44354E-05 3.37384E+01 7.24262E-07       1 Divergence
   50 1.00000E-06 1.80212E-05 3.37384E+01 5.34145E-07       1 Divergence
   51 1.00000E-06 1.24218E-05 3.37384E+01 3.68182E-07       1 Divergence
   52 1.00000E-06 8.54862E-06 3.37384E+01 2.53380E-07       1 Divergence
   53 1.00000E-06 5.67882E-06 3.37384E+01 1.68319E-07       1 Divergence
   54 1.00000E-06 3.78089E-06 3.37384E+01 1.12065E-07       1 Divergence
   55 1.00000E-06 2.54939E-06 3.37384E+01 7.55635E-08       1 Divergence
   56 1.00000E-06 1.55555E-06 3.37384E+01 4.61063E-08       1 Divergence
   57 1.00000E-06 1.01681E-06 3.37384E+01 3.01380E-08       1 Divergence
   58 1.00000E-06 6.87419E-07 3.37384E+01 2.03750E-08       1 Divergence
        1 PRES gmres:   58  6.8742E-07  1.0000E-06  3.3738E+01  1.8142E-01  3.3334E-01    F
 9.99999999999999955E-8  p22  2*1
  1     1 Helmholtz VELX    F:   1.9334E+02   1.0000E-07   1.0000E-02   5.0000E+03
  1     2 Helmholtz VELX    F:   2.0964E+01   1.0000E-07   1.0000E-02   5.0000E+03
  1     3 Helmholtz VELX    F:   3.0330E+00   1.0000E-07   1.0000E-02   5.0000E+03
  1     4 Helmholtz VELX    F:   6.3017E-01   1.0000E-07   1.0000E-02   5.0000E+03
  1     5 Helmholtz VELX    F:   1.5238E-01   1.0000E-07   1.0000E-02   5.0000E+03
  1     6 Helmholtz VELX    F:   3.4388E-02   1.0000E-07   1.0000E-02   5.0000E+03
  1     7 Helmholtz VELX    F:   8.1581E-03   1.0000E-07   1.0000E-02   5.0000E+03
  1     8 Helmholtz VELX    F:   1.7373E-03   1.0000E-07   1.0000E-02   5.0000E+03
  1     9 Helmholtz VELX    F:   4.3117E-04   1.0000E-07   1.0000E-02   5.0000E+03
  1    10 Helmholtz VELX    F:   1.0079E-04   1.0000E-07   1.0000E-02   5.0000E+03
  1    11 Helmholtz VELX    F:   2.2534E-05   1.0000E-07   1.0000E-02   5.0000E+03
  1    12 Helmholtz VELX    F:   5.5338E-06   1.0000E-07   1.0000E-02   5.0000E+03
  1    13 Helmholtz VELX    F:   1.2937E-06   1.0000E-07   1.0000E-02   5.0000E+03
  1    14 Helmholtz VELX    F:   3.0899E-07   1.0000E-07   1.0000E-02   5.0000E+03
  1    15 Helmholtz VELX    F:   7.0433E-08   1.0000E-07   1.0000E-02   5.0000E+03
          1    Hmholtz VELX:     14   7.0433E-08   1.9334E+02   1.0000E-07
 9.99999999999999955E-8  p22  2*1
 New CG1-tolerance (RINIT*epsm) =  2.92673077611173066E-10,  5.9326005232964834E-24
  1     1 Helmholtz VELY    F:   2.0142E+02   1.0000E-07   1.0000E-02   5.0000E+03
  1     2 Helmholtz VELY    F:   2.1806E+01   1.0000E-07   1.0000E-02   5.0000E+03
  1     3 Helmholtz VELY    F:   3.1704E+00   1.0000E-07   1.0000E-02   5.0000E+03
  1     4 Helmholtz VELY    F:   6.6009E-01   1.0000E-07   1.0000E-02   5.0000E+03
  1     5 Helmholtz VELY    F:   1.5948E-01   1.0000E-07   1.0000E-02   5.0000E+03
  1     6 Helmholtz VELY    F:   3.5957E-02   1.0000E-07   1.0000E-02   5.0000E+03
  1     7 Helmholtz VELY    F:   8.5583E-03   1.0000E-07   1.0000E-02   5.0000E+03
  1     8 Helmholtz VELY    F:   1.8157E-03   1.0000E-07   1.0000E-02   5.0000E+03
  1     9 Helmholtz VELY    F:   4.5161E-04   1.0000E-07   1.0000E-02   5.0000E+03
  1    10 Helmholtz VELY    F:   1.0616E-04   1.0000E-07   1.0000E-02   5.0000E+03
  1    11 Helmholtz VELY    F:   2.3604E-05   1.0000E-07   1.0000E-02   5.0000E+03
  1    12 Helmholtz VELY    F:   5.8150E-06   1.0000E-07   1.0000E-02   5.0000E+03
  1    13 Helmholtz VELY    F:   1.3561E-06   1.0000E-07   1.0000E-02   5.0000E+03
  1    14 Helmholtz VELY    F:   3.2343E-07   1.0000E-07   1.0000E-02   5.0000E+03
  1    15 Helmholtz VELY    F:   7.3807E-08   1.0000E-07   1.0000E-02   5.0000E+03
          1    Hmholtz VELY:     14   7.3807E-08   2.0142E+02   1.0000E-07
 9.99999999999999955E-8  p22  2*1
 New CG1-tolerance (RINIT*epsm) =  2.92673053954626043E-10,  5.9326005232964834E-24
  1     1 Helmholtz VELZ    F:   2.7925E+03   1.0000E-07   1.0000E-02   5.0000E+03
  1     2 Helmholtz VELZ    F:   1.8788E+02   1.0000E-07   1.0000E-02   5.0000E+03
  1     3 Helmholtz VELZ    F:   3.2284E+01   1.0000E-07   1.0000E-02   5.0000E+03
  1     4 Helmholtz VELZ    F:   5.9742E+00   1.0000E-07   1.0000E-02   5.0000E+03
  1     5 Helmholtz VELZ    F:   1.5688E+00   1.0000E-07   1.0000E-02   5.0000E+03
  1     6 Helmholtz VELZ    F:   3.2169E-01   1.0000E-07   1.0000E-02   5.0000E+03
  1     7 Helmholtz VELZ    F:   8.3877E-02   1.0000E-07   1.0000E-02   5.0000E+03
  1     8 Helmholtz VELZ    F:   1.8009E-02   1.0000E-07   1.0000E-02   5.0000E+03
  1     9 Helmholtz VELZ    F:   4.4390E-03   1.0000E-07   1.0000E-02   5.0000E+03
  1    10 Helmholtz VELZ    F:   1.1357E-03   1.0000E-07   1.0000E-02   5.0000E+03
  1    11 Helmholtz VELZ    F:   2.6496E-04   1.0000E-07   1.0000E-02   5.0000E+03
  1    12 Helmholtz VELZ    F:   6.3945E-05   1.0000E-07   1.0000E-02   5.0000E+03
  1    13 Helmholtz VELZ    F:   1.5063E-05   1.0000E-07   1.0000E-02   5.0000E+03
  1    14 Helmholtz VELZ    F:   3.7410E-06   1.0000E-07   1.0000E-02   5.0000E+03
  1    15 Helmholtz VELZ    F:   8.6589E-07   1.0000E-07   1.0000E-02   5.0000E+03
  1    16 Helmholtz VELZ    F:   1.9490E-07   1.0000E-07   1.0000E-02   5.0000E+03
  1    17 Helmholtz VELZ    F:   5.2163E-08   1.0000E-07   1.0000E-02   5.0000E+03
          1    Hmholtz VELZ:     16   5.2163E-08   2.7925E+03   1.0000E-07
               L1/L2 DIV(V)    :  -2.5314E-04   8.2118E-02
               L1/L2 QTL       :   0.0000E+00   0.0000E+00
               L1/L2 DIV(V)-QTL:  -2.5314E-04   8.2118E-02
          1   2.0000E-04  9.1574E-01 Fluid done
 schfile:/lustre/atlas/scratch/mmin/nti104/nek5_r1039_acc/pipe_r1039_acc/stenosis.sch                                                        
Step      2, t= 4.0000000E-04, DT= 2.0000000E-04, C=  0.011 9.5214E-01 9.5214E-01
 Solving for fluid 3*T
 9.99999999999999955E-8  p22  2,  1
        2 PRES gmres:   58  9.6444E-07  1.0000E-06  4.8804E+01  1.7839E-01  3.2845E-01    F
 9.99999999999999955E-8  p22  2,  1
          2    Hmholtz VELX:     11   5.2249E-08   1.8121E+01   1.0000E-07
 9.99999999999999955E-8  p22  2,  1
          2    Hmholtz VELY:     11   5.4179E-08   1.8481E+01   1.0000E-07
 9.99999999999999955E-8  p22  2,  1
          2    Hmholtz VELZ:     12   8.8961E-08   1.2060E+02   1.0000E-07
               L1/L2 DIV(V)    :   1.8682E-04   5.4724E-02
               L1/L2 QTL       :   0.0000E+00   0.0000E+00
               L1/L2 DIV(V)-QTL:   1.8682E-04   5.4724E-02
          2   4.0000E-04  4.8562E-01 Fluid done
Step      3, t= 6.0000000E-04, DT= 2.0000000E-04, C=  0.011 1.4712E+00 5.1910E-01
 Solving for fluid 3*T
 9.99999999999999955E-8  p22  3,  1
        3 PRES gmres:   56  6.8199E-07  1.0000E-06  1.5799E+01  1.7265E-01  3.1411E-01    F
 9.99999999999999955E-8  p22  3,  1
          3    Hmholtz VELX:     11   2.4146E-08   1.1529E+01   1.0000E-07
 9.99999999999999955E-8  p22  3,  1
          3    Hmholtz VELY:     11   2.4989E-08   1.1750E+01   1.0000E-07
 9.99999999999999955E-8  p22  3,  1
          3    Hmholtz VELZ:     12   4.0995E-08   8.4859E+01   1.0000E-07
               L1/L2 DIV(V)    :  -6.3330E-05   4.4311E-02
               L1/L2 QTL       :   0.0000E+00   0.0000E+00
               L1/L2 DIV(V)-QTL:  -6.3330E-05   4.4311E-02
          3   6.0000E-04  4.7164E-01 Fluid done
Step      4, t= 8.0000000E-04, DT= 2.0000000E-04, C=  0.011 1.9582E+00 4.8695E-01
 Solving for fluid 3*T
 9.99999999999999955E-8  p22  4,  1
        4 PRES gmres:   51  9.0752E-07  1.0000E-06  2.3367E+00  1.5710E-01  2.8052E-01    F
 9.99999999999999955E-8  p22  4,  1
          4    Hmholtz VELX:     10   7.6443E-08   6.2309E+00   1.0000E-07
 9.99999999999999955E-8  p22  4,  1
          4    Hmholtz VELY:     10   7.9190E-08   6.3548E+00   1.0000E-07
 9.99999999999999955E-8  p22  4,  1
          4    Hmholtz VELZ:     12   2.4027E-08   5.4991E+01   1.0000E-07
               L1/L2 DIV(V)    :   7.2336E-06   3.3153E-02
               L1/L2 QTL       :   0.0000E+00   0.0000E+00
               L1/L2 DIV(V)-QTL:   7.2336E-06   3.3153E-02
          4   8.0000E-04  4.3629E-01 Fluid done
Step      5, t= 1.0000000E-03, DT= 2.0000000E-04, C=  0.011 2.4095E+00 4.5133E-01
 Solving for fluid 3*T
 9.99999999999999955E-8  p22  5,  1
        5 PRES gmres:   49  7.5115E-07  1.0000E-06  8.4854E-01  1.5076E-01  2.6778E-01    F
 9.99999999999999955E-8  p22  5,  1
          5    Hmholtz VELX:     10   4.9155E-08   4.4434E+00   1.0000E-07
 9.99999999999999955E-8  p22  5,  1
          5    Hmholtz VELY:     10   5.0730E-08   4.5370E+00   1.0000E-07
 9.99999999999999955E-8  p22  5,  1
          5    Hmholtz VELZ:     11   8.4265E-08   4.2600E+01   1.0000E-07
               L1/L2 DIV(V)    :   7.8866E-06   2.7954E-02
               L1/L2 QTL       :   0.0000E+00   0.0000E+00
               L1/L2 DIV(V)-QTL:   7.8866E-06   2.7954E-02
          5   1.0000E-03  4.2275E-01 Fluid done
Step      6, t= 1.2000000E-03, DT= 2.0000000E-04, C=  0.011 2.8475E+00 4.3795E-01
 Solving for fluid 3*T
        6 PRES gmres:   39  8.6413E-07  1.0000E-06  2.0916E-01  1.2029E-01  2.1318E-01    F
 9.99999999999999955E-8  p22  6,  1
          6    Hmholtz VELX:     10   3.3093E-08   3.6749E+00   1.0000E-07
 9.99999999999999955E-8  p22  6,  1
          6    Hmholtz VELY:     10   3.4474E-08   3.7544E+00   1.0000E-07
 9.99999999999999955E-8  p22  6,  1
          6    Hmholtz VELZ:     11   5.9735E-08   3.5120E+01   1.0000E-07
               L1/L2 DIV(V)    :   4.4898E-06   2.4108E-02
               L1/L2 QTL       :   0.0000E+00   0.0000E+00
               L1/L2 DIV(V)-QTL:   4.4898E-06   2.4108E-02
          6   1.2000E-03  3.6871E-01 Fluid done
Step      7, t= 1.4000000E-03, DT= 2.0000000E-04, C=  0.011 3.2313E+00 3.8386E-01
 Solving for fluid 3*T
          7    PRES alph1n  7.3660E-10  7.3660E-10  1.0000E+00     1
          7    PRES halpha     1  2.2583E+00
        7 PRES gmres:   38  7.6920E-07  1.0000E-06  9.8544E-02  1.1744E-01  2.0841E-01    F
 9.99999999999999955E-8  p22  7,  1
          7    Hmholtz VELX:     10   3.1677E-08   3.1569E+00   1.0000E-07
 9.99999999999999955E-8  p22  7,  1
          7    Hmholtz VELY:     10   3.2883E-08   3.2270E+00   1.0000E-07
 9.99999999999999955E-8  p22  7,  1
          7    Hmholtz VELZ:     11   5.2770E-08   2.9786E+01   1.0000E-07
               L1/L2 DIV(V)    :   2.8754E-06   2.1186E-02
               L1/L2 QTL       :   0.0000E+00   0.0000E+00
               L1/L2 DIV(V)-QTL:   2.8754E-06   2.1186E-02
          7   1.4000E-03  3.6539E-01 Fluid done
Step      8, t= 1.6000000E-03, DT= 2.0000000E-04, C=  0.011 3.6119E+00 3.8056E-01
 Solving for fluid 3*T
          8    PRES alph1n  7.3660E-10  7.3660E-10  1.0000E+00     2
          8    PRES halpha     2 -7.0334E-01  2.5280E-02
        8 PRES gmres:   33  9.4098E-07  1.0000E-06  1.4044E-01  1.0194E-01  1.8633E-01    F
 9.99999999999999955E-8  p22  8,  1
          8    Hmholtz VELX:     10   2.7509E-08   2.7965E+00   1.0000E-07
 9.99999999999999955E-8  p22  8,  1
          8    Hmholtz VELY:     10   2.8527E-08   2.8588E+00   1.0000E-07
 9.99999999999999955E-8  p22  8,  1
          8    Hmholtz VELZ:     11   4.3051E-08   2.5921E+01   1.0000E-07
               L1/L2 DIV(V)    :   1.6579E-06   1.8865E-02
               L1/L2 QTL       :   0.0000E+00   0.0000E+00
               L1/L2 DIV(V)-QTL:   1.6579E-06   1.8865E-02
          8   1.6000E-03  3.4321E-01 Fluid done
Step      9, t= 1.8000000E-03, DT= 2.0000000E-04, C=  0.011 3.9701E+00 3.5822E-01
 Solving for fluid 3*T
          9    PRES alph1n  7.3660E-10  7.3660E-10  1.0000E+00     3
          9    PRES halpha     3 -3.2998E-01  1.7749E-01  1.1999E+00
        9 PRES gmres:   29  9.6925E-07  1.0000E-06  1.7971E-02  8.9458E-02  1.6624E-01    F
 9.99999999999999955E-8  p22  9,  1
          9    Hmholtz VELX:     10   2.3442E-08   2.5213E+00   1.0000E-07
 9.99999999999999955E-8  p22  9,  1
          9    Hmholtz VELY:     10   2.4311E-08   2.5773E+00   1.0000E-07
 9.99999999999999955E-8  p22  9,  1
          9    Hmholtz VELZ:     11   3.5104E-08   2.3057E+01   1.0000E-07
               L1/L2 DIV(V)    :   7.8365E-07   1.6964E-02
               L1/L2 QTL       :   0.0000E+00   0.0000E+00
               L1/L2 DIV(V)-QTL:   7.8365E-07   1.6964E-02
          9   1.8000E-03  3.2306E-01 Fluid done
Step     10, t= 2.0000000E-03, DT= 2.0000000E-04, C=  0.011 4.3082E+00 3.3808E-01
 Solving for fluid 3*T
         10    PRES alph1n  7.3660E-10  7.3660E-10  1.0000E+00     4
         10    PRES halpha     4 -2.5231E-01  2.2662E-01  9.2958E-01  2.0290E-01
       10 PRES gmres:   28  9.3743E-07  1.0000E-06  4.6983E-03  8.6355E-02  1.5895E-01    F
 9.99999999999999955E-8  p22  10,  1
         10    Hmholtz VELX:     10   2.0214E-08   2.3018E+00   1.0000E-07
 9.99999999999999955E-8  p22  10,  1
         10    Hmholtz VELY:     10   2.0964E-08   2.3529E+00   1.0000E-07
 9.99999999999999955E-8  p22  10,  1
         10    Hmholtz VELZ:     11   2.9385E-08   2.0880E+01   1.0000E-07
               L1/L2 DIV(V)    :   1.7993E-07   1.5368E-02
               L1/L2 QTL       :   0.0000E+00   0.0000E+00
               L1/L2 DIV(V)-QTL:   1.7993E-07   1.5368E-02
         10   2.0000E-03  3.1622E-01 Fluid done
 call outfld: ifpsco: F

       10  2.0000E-03 Write checkpoint:

       10  2.0000E-03 OPEN: stenosis.fld01                                                                

end of time-step loop

runtime statistics:
 total time 4.6769150303436282
 tgop time 2061,  5.0457000732421875E-2,  1.07885220075752877E-2
 inv3 time 20,  6.46114349365234375E-4,  1.38149687384370162E-4
 invc time 0,  2*0.
 mltd time 0,  2*0.
 cdtp time 30,  2*0.
 eslv time 0,  2*0.
 pres time 10,  2.6396355628967285,  0.56439673284010594
 crsl time 439,  2.0732879638671875E-2,  4.43302465496119187E-3
 crsl min  2.0732879638671875E-2
 crsl max  2.73880958557128906E-2
 crsl avg  2.40428447723388672E-2
 hmhz time 35,  2.8717365264892578,  0.61402366899068128
 spro time 11,  2.53510475158691406E-3,  5.42046356442069349E-4
 usbc time 10,  2.09059715270996094E-2,  4.47003449741176489E-3
 usbc min  2.09059715270996094E-2
 usbc max  2.42135524749755859E-2
 usb  avg  2.28013396263122559E-2
 axhm time 827,  0.31386780738830566,  6.71100084889172666E-2
 advc time 10,  0.78328633308410645,  0.16747927383802733
 vdss time 0,  2*0.
 vdss min  0.
 vdss max  0.
 vdss avg  0.
 dsum time 0,  2*0.
 dsum min  0.
 dsum max  0.
 dsum avg  0.
 dadd time 0,  0.23568272590637207,  5.03927748050311888E-2
 ddsl time 0,  2*0.
 solv time 0,  2*0.
 prep time 10,  4.88479137420654297E-2,  1.04444732104693409E-2

#  nid       tusbc       tdadd       tcrsl       tvdss       tdsum        tgop    qqq    F
           0  2.0906E-02  2.3568E-01  2.0733E-02  0.0000E+00  0.0000E+00  5.0457E-02 qqq
           1  2.2413E-02  2.6266E-01  2.3607E-02  0.0000E+00  0.0000E+00  4.7413E-02 qqq
           2  2.4214E-02  2.6690E-01  2.4443E-02  0.0000E+00  0.0000E+00  4.7303E-02 qqq
           3  2.3673E-02  2.5358E-01  2.7388E-02  0.0000E+00  0.0000E+00  5.6566E-02 qqq
  
call exitt: dying ...
  
backtrace(): obtained 5 stack frames.
./nek5000() [0x697ce7]
./nek5000() [0x7e3458]
./nek5000() [0x4056ac]
/lib64/libc.so.6(__libc_start_main+0xe6) [0x2aaab1006c36]
./nek5000() [0x404ebd]
  
total elapsed time             :   5.62737E+00 sec
total solver time incl. I/O    :   4.67691E+00 sec
time/timestep                  :   4.67691E-01 sec
CPU seconds/timestep/gridpt    :   1.31495E-05 sec

Application 8342300 resources: utime ~20s, stime ~8s, Rss ~1080284, inblocks ~75554, outblocks ~153668
