CrayPat/X:  Version 6.2.3 Revision 13730  03/23/15 16:01:49
pat[WARNING][0]: Collection of accelerator performance data for sampling experiments is not supported.  To collect accelerator performance data perform a trace experiment.  See the intro_craypat(1) man page on how to perform a trace experiment.
/----------------------------------------------------------\\
|      _   __ ______ __ __  ______  ____    ____    ____   |
|     / | / // ____// //_/ / ____/ / __ \\ / __ \\ / __ \\ |
|    /  |/ // __/  / ,<   /___ \\  / / / // / / // / / /   |
|   / /|  // /___ / /| | ____/ / / /_/ // /_/ // /_/ /     |
|  /_/ |_//_____//_/ |_|/_____/  \\____/ \\____/ \\____/   |
|                                                          |
|----------------------------------------------------------|
|                                                          |
| NEK5000:  Open Source Spectral Element Solver            |
| COPYRIGHT (c) 2008-2010 UCHICAGO ARGONNE, LLC            |
| Version:  1.0rc1 / SVN  r1036                            |
| Web:      http://nek5000.mcs.anl.gov                     |
|                                                          |
\\----------------------------------------------------------/
                                                              

 Number of processors: 1
 REAL    wdsize      : 8
 INTEGER wdsize      : 4


  Beginning session:
  /lustre/atlas/scratch/csep04/trn001/pipe_2/stenosis.rea                       

 
 timer accuracy:   1.0013580E-06 sec

 read .rea file
 nelgt/nelgv/lelt:         160         160         162
 lx1  /lx2  /lx3 :           8           8           8

 mapping elements to processors
 0,  4*160  NELV
 RANK     0 IEG       1       2       3       4       5       6       7       8
                      9      10      11      12      13      14      15      16
                     17      18      19      20      21      22      23      24
                     25      26      27      28      29      30      31      32
                     33      34      35      36      37      38      39      40
                     41      42      43      44      45      46      47      48
                     49      50      51      52      53      54      55      56
                     57      58      59      60      61      62      63      64
                     65      66      67      68      69      70      71      72
                     73      74      75      76      77      78      79      80
                     81      82      83      84      85      86      87      88
                     89      90      91      92      93      94      95      96
                     97      98      99     100     101     102     103     104
                    105     106     107     108     109     110     111     112
                    113     114     115     116     117     118     119     120
                    121     122     123     124     125     126     127     128
                    129     130     131     132     133     134     135     136
                    137     138     139     140     141     142     143     144
                    145     146     147     148     149     150     151     152
                    153     154     155     156     157     158     159     160
 element load imbalance:  0,  2*160
 done :: mapping elements to processors
  
 0  objects found
 done :: read .rea file   0.51664E-01 sec

 Reset the target Courant number to .5
 setup mesh topology
   Right-handed check complete for     160 elements. OK.
   setvert3d:   8       22953       57513       22953       22953
 call usrsetvert
 done :: usrsetvert

gs_setup: 0 unique labels shared
   handle bytes (avg, min, max): 501260 501260 501260
   buffer bytes (avg, min, max): 0 0 0
   setupds time 2.0420E-02 seconds   0  8       22953         160
gs_setup: 0 unique labels shared
   handle bytes (avg, min, max): 501260 501260 501260
   buffer bytes (avg, min, max): 0 0 0
gs_setup: 0 unique labels shared
   handle bytes (avg, min, max): 196 196 196
   buffer bytes (avg, min, max): 0 0 0
 19113,  43520,  19113,  0
 8  max multiplicity
 done :: setup mesh topology
  
 call usrdat
 done :: usrdat

 generate geometry data
 vol_t,vol_v: 2*31.415931806500993
 done :: generate geometry data
  
 call usrdat2
 done :: usrdat2

 regenerate geometry data 1
 vol_t,vol_v: 2*9.5723046605487294
 NOTE: All elements deformed , param(59) ^=0
 done :: regenerate geometry data 1
  
 verify mesh topology
 -0.5,  0.5  Xrange
 -0.5,  0.5  Yrange
 -3.,  10.  Zrange
 done :: verify mesh topology
  
 103   Parameters from file:/lustre/atlas/scratch/csep04/trn001/pipe_2/stenosis.rea
   1          1.000000         p01 DENSITY
   2         -100.0000         p02 VISCOS
   7         1.0000000E+00     p07 RHOCP
   8          1.000000         p08 CONDUCT
  11         10.00000         p11 NSTEPS
  12        -2.0000000E-04     p12 DT
  15          250.0000         p15 IOSTEP
  18         -20.00000E+00     p18 GRID
  19         -1.000000E+00     p19 INTYPE
  20         10.000000E+00     p20 NORDER
  21         1.0000000E-06     p21 DIVERGENCE
  22         1.0000000E-07     p22 HELMHOLTZ
  24         1.0000000E-02     p24 TOLREL
  25         1.0000000E-02     p25 TOLABS
  26          1.000000         p26 COURANT/NTAU
  27          2.000000         p27 TORDER
  28         0.0000000E+00     p28 TORDER: mesh velocity (0: p28=p27)
  34         1.0000000E+00     p34
  59         0.0000000E+00     p59 !=0 --> use std axhelm for all elem
  65          1.000000         p65 #iofile(eg,0 or 64); <0 --> sep. dirs
  93          20.00000         p93 Numbr of prev pressure solns saved
  94          3.000000         p94 start projecting vel. after p94 step
  95          5.000000         p95 start projecting pr after p95 step
  99         0.0000000E+00     p99    dealiasing:if <0 disable
 102         1.0000000E+00     p102   Dump out divergence at each time step
 103         -1.000000         p103   weight of stabilizing filter (.01)
  
 IFTRAN   = T
 IFFLOW   = T
 IFHEAT   = F
 IFSPLIT  = T
 IFLOMACH = F
 IFUSERVP = F
 IFUSERMV = F
 IFSTRS   = F
 IFCHAR   = F
 IFCYCLIC = F
 IFAXIS   = F
 IFMVBD   = F
 IFMELT   = F
 IFMODEL  = F
 IFKEPS   = F
 IFMOAB   = F
 IFNEKNEK = F
 IFSYNC   = T
   
 IFVCOR   = F
 IFINTQ   = F
 IFCWUZ   = F
 IFSWALL  = F
 IFGEOM   = F
 IFSURT   = F
 IFWCNO   = F
   
 IFTMSH for field 1    =  F
 IFADVC for field 1    =  T
 IFNONL for field 1    =  F
   
 Dealiasing enabled, lxd= 12
  
 Estimated eigenvalues
 EIGAA =  6.5992029427402201
 EIGGA =  1050031.0140625765
 EIGAE =  5.84000260419488618E-2
 EIGAS =  7.37463126843657915E-4
 EIGGE =  1050031.0140625765
 EIGGS =  2.
  
 verify mesh topology
 -0.5,  0.5  Xrange
 -0.5,  0.5  Yrange
 -3.,  10.  Zrange
 done :: verify mesh topology
  
  E-solver strategy:  0 itr
 mg_nx: 1,  3,  7
 mg_ny: 1,  3,  7
 mg_nz: 1,  3,  7
 call usrsetvert
 done :: usrsetvert

gs_setup: 0 unique labels shared
   handle bytes (avg, min, max): 12236 12236 12236
   buffer bytes (avg, min, max): 0 0 0
   setupds time 4.7112E-04 seconds   3  2         225         160
   setvert3d:   4        3545        4825        3545        3545
 call usrsetvert
 done :: usrsetvert

gs_setup: 0 unique labels shared
   handle bytes (avg, min, max): 93068 93068 93068
   buffer bytes (avg, min, max): 0 0 0
   setupds time 5.4760E-03 seconds   4  4        3545         160
   setvert3d:   4        3545        4825        3545        3545
 call usrsetvert
 done :: usrsetvert

gs_setup: 0 unique labels shared
   handle bytes (avg, min, max): 93068 93068 93068
   buffer bytes (avg, min, max): 0 0 0
   setupds time 5.0430E-03 seconds   5  4        3545         160
   setvert3d:   6       11121       21361       11121       11121
 call usrsetvert
 done :: usrsetvert

gs_setup: 0 unique labels shared
   handle bytes (avg, min, max): 256076 256076 256076
   buffer bytes (avg, min, max): 0 0 0
   setupds time 1.0653E-02 seconds   6  6       11121         160
 regenerate geometry data 1
 vol_t,vol_v: 2*9.5723046605487294
 NOTE: All elements deformed , param(59) ^=0
 done :: regenerate geometry data 1
  
 h1_mg_nx: 1,  3,  7
 h1_mg_ny: 1,  3,  7
 h1_mg_nz: 1,  3,  7
 call usrsetvert
 done :: usrsetvert

gs_setup: 0 unique labels shared
   handle bytes (avg, min, max): 12236 12236 12236
   buffer bytes (avg, min, max): 0 0 0
   setupds time 4.2796E-04 seconds   7  2         225         160
   setvert3d:   4        3545        4825        3545        3545
 call usrsetvert
 done :: usrsetvert

gs_setup: 0 unique labels shared
   handle bytes (avg, min, max): 93068 93068 93068
   buffer bytes (avg, min, max): 0 0 0
   setupds time 5.3401E-03 seconds   8  4        3545         160
   setvert3d:   4        3545        4825        3545        3545
 call usrsetvert
 done :: usrsetvert

gs_setup: 0 unique labels shared
   handle bytes (avg, min, max): 93068 93068 93068
   buffer bytes (avg, min, max): 0 0 0
   setupds time 5.1050E-03 seconds   9  4        3545         160
   setvert3d:   6       11121       21361       11121       11121
 call usrsetvert
 done :: usrsetvert

gs_setup: 0 unique labels shared
   handle bytes (avg, min, max): 256076 256076 256076
   buffer bytes (avg, min, max): 0 0 0
   setupds time 1.0012E-02 seconds  10  6       11121         160
   setvert3d:   8       22953       57513       22953       22953
 call usrsetvert
 done :: usrsetvert

gs_setup: 0 unique labels shared
   handle bytes (avg, min, max): 501260 501260 501260
   buffer bytes (avg, min, max): 0 0 0
   setupds time 1.8998E-02 seconds  11  8       22953         160
   setvert3d:  10       39041      120961       39041       39041
 call usrsetvert
 done :: usrsetvert

gs_setup: 0 unique labels shared
   handle bytes (avg, min, max): 828620 828620 828620
   buffer bytes (avg, min, max): 0 0 0
   setupds time 3.3595E-02 seconds  12 10       39041         160
 call usrsetvert
 done :: usrsetvert

gs_setup: 0 unique labels shared
   handle bytes (avg, min, max): 12236 12236 12236
   buffer bytes (avg, min, max): 0 0 0
gs_setup: 0 unique labels shared
   handle bytes (avg, min, max): 196 196 196
   buffer bytes (avg, min, max): 0 0 0
 225,  1280,  225,  0
   setupds time 6.7306E-04 seconds  14  2         225         160
   setvert3d:   4        3545        4825        3545        3545
 call usrsetvert
 done :: usrsetvert

gs_setup: 0 unique labels shared
   handle bytes (avg, min, max): 93068 93068 93068
   buffer bytes (avg, min, max): 0 0 0
gs_setup: 0 unique labels shared
   handle bytes (avg, min, max): 196 196 196
   buffer bytes (avg, min, max): 0 0 0
 3097,  8512,  3097,  0
   setupds time 7.6392E-03 seconds  16  4        3545         160
   setvert3d:   4        3545        4825        3545        3545
 call usrsetvert
 done :: usrsetvert

gs_setup: 0 unique labels shared
   handle bytes (avg, min, max): 93068 93068 93068
   buffer bytes (avg, min, max): 0 0 0
gs_setup: 0 unique labels shared
   handle bytes (avg, min, max): 196 196 196
   buffer bytes (avg, min, max): 0 0 0
 3097,  8512,  3097,  0
   setupds time 7.3609E-03 seconds  18  4        3545         160
   setvert3d:   6       11121       21361       11121       11121
 call usrsetvert
 done :: usrsetvert

gs_setup: 0 unique labels shared
   handle bytes (avg, min, max): 256076 256076 256076
   buffer bytes (avg, min, max): 0 0 0
gs_setup: 0 unique labels shared
   handle bytes (avg, min, max): 196 196 196
   buffer bytes (avg, min, max): 0 0 0
 9393,  22592,  9393,  0
   setupds time 1.8279E-02 seconds  20  6       11121         160
   setvert3d:   8       22953       57513       22953       22953
 call usrsetvert
 done :: usrsetvert

gs_setup: 0 unique labels shared
   handle bytes (avg, min, max): 501260 501260 501260
   buffer bytes (avg, min, max): 0 0 0
gs_setup: 0 unique labels shared
   handle bytes (avg, min, max): 196 196 196
   buffer bytes (avg, min, max): 0 0 0
 19113,  43520,  19113,  0
   setupds time 3.4172E-02 seconds  22  8       22953         160
   setvert3d:  10       39041      120961       39041       39041
 call usrsetvert
 done :: usrsetvert

gs_setup: 0 unique labels shared
   handle bytes (avg, min, max): 828620 828620 828620
   buffer bytes (avg, min, max): 0 0 0
gs_setup: 0 unique labels shared
   handle bytes (avg, min, max): 196 196 196
   buffer bytes (avg, min, max): 0 0 0
 32257,  71296,  32257,  0
   setupds time 6.0141E-02 seconds  24 10       39041         160
 setup h1 coarse grid, nx_crs= 2
 call usrsetvert
 done :: usrsetvert

gs_setup: 0 unique labels shared
   handle bytes (avg, min, max): 12236 12236 12236
   buffer bytes (avg, min, max): 0 0 0
 done :: setup h1 coarse grid  9.62769985198974609E-2  sec
  
 call usrdat3
 done :: usrdat3

 set initial conditions
 nekuic (1) for ifld  1
 call nekuic for vel  
 xyz min   -0.50000     -0.50000      -3.0000    
 uvwpt min  0.59154E-20  0.59154E-20  0.59154E-20  0.59154E-20  0.59154E-20
 PS min     0.99000E+22
 xyz max    0.50000      0.50000       10.000    
 uvwpt max  0.80000E-19  0.80000E-19  0.80000E-19  0.80000E-19  0.80000E-19
 PS max    -0.99000E+22
 done :: set initial conditions
  
 call userchk
 done :: userchk

gridpoints unique/tot:         57513        81920
  dofs: 53367,  56504
  
 Initialization successfully completed    1.5048     sec

Starting time loop ...

     DT/DTCFL/DTFS/DTINIT   0.200E-03   0.765E-16         NaN   0.200E-03
Step      1, t= 2.0000000E-04, DT= 2.0000000E-04, C=  0.000 0.0000E+00 0.0000E+00
 Solving for fluid 3*T
 9.99999999999999955E-8  p22  2*1
 New CG1-tolerance (RINIT*epsm) =  7.18088344238356533E-6,  9.99999999999999955E-7
    1 1.00000E-06 2.90739E+01 3.37378E+01 8.61759E-01       1 Divergence
    2 1.00000E-06 2.89211E+01 3.37378E+01 8.57231E-01       1 Divergence
    3 1.00000E-06 2.83583E+01 3.37378E+01 8.40549E-01       1 Divergence
    4 1.00000E-06 2.83402E+01 3.37378E+01 8.40012E-01       1 Divergence
    5 1.00000E-06 2.83128E+01 3.37378E+01 8.39199E-01       1 Divergence
    6 1.00000E-06 2.77632E+01 3.37378E+01 8.22910E-01       1 Divergence
    7 1.00000E-06 2.76757E+01 3.37378E+01 8.20315E-01       1 Divergence
    8 1.00000E-06 2.76754E+01 3.37378E+01 8.20307E-01       1 Divergence
    9 1.00000E-06 2.74442E+01 3.37378E+01 8.13454E-01       1 Divergence
   10 1.00000E-06 2.67778E+01 3.37378E+01 7.93704E-01       1 Divergence
   11 1.00000E-06 2.63868E+01 3.37378E+01 7.82114E-01       1 Divergence
   12 1.00000E-06 2.56852E+01 3.37378E+01 7.61318E-01       1 Divergence
   13 1.00000E-06 2.38859E+01 3.37378E+01 7.07987E-01       1 Divergence
   14 1.00000E-06 2.31536E+01 3.37378E+01 6.86279E-01       1 Divergence
   15 1.00000E-06 2.26057E+01 3.37378E+01 6.70041E-01       1 Divergence
   16 1.00000E-06 2.16114E+01 3.37378E+01 6.40568E-01       1 Divergence
   17 1.00000E-06 2.06826E+01 3.37378E+01 6.13039E-01       1 Divergence
   18 1.00000E-06 1.84495E+01 3.37378E+01 5.46849E-01       1 Divergence
   19 1.00000E-06 1.49860E+01 3.37378E+01 4.44189E-01       1 Divergence
   20 1.00000E-06 1.28560E+01 3.37378E+01 3.81057E-01       1 Divergence
   21 1.00000E-06 1.13801E+01 3.37378E+01 3.37310E-01       1 Divergence
   22 1.00000E-06 1.01394E+01 3.37378E+01 3.00535E-01       1 Divergence
   23 1.00000E-06 8.42287E+00 3.37378E+01 2.49656E-01       1 Divergence
   24 1.00000E-06 6.97694E+00 3.37378E+01 2.06799E-01       1 Divergence
   25 1.00000E-06 6.02902E+00 3.37378E+01 1.78702E-01       1 Divergence
   26 1.00000E-06 4.70172E+00 3.37378E+01 1.39361E-01       1 Divergence
   27 1.00000E-06 3.62030E+00 3.37378E+01 1.07307E-01       1 Divergence
   28 1.00000E-06 2.84152E+00 3.37378E+01 8.42235E-02       1 Divergence
   29 1.00000E-06 2.30098E+00 3.37378E+01 6.82018E-02       1 Divergence
   30 1.00000E-06 1.94630E+00 3.37378E+01 5.76890E-02       1 Divergence
   31 1.00000E-06 1.87294E+00 3.37378E+01 5.55145E-02       1 Divergence
   32 1.00000E-06 1.85773E+00 3.37378E+01 5.50637E-02       1 Divergence
   33 1.00000E-06 1.82328E+00 3.37378E+01 5.40425E-02       1 Divergence
   34 1.00000E-06 1.69871E+00 3.37378E+01 5.03503E-02       1 Divergence
   35 1.00000E-06 1.55867E+00 3.37378E+01 4.61993E-02       1 Divergence
   36 1.00000E-06 1.38772E+00 3.37378E+01 4.11324E-02       1 Divergence
   37 1.00000E-06 1.27213E+00 3.37378E+01 3.77065E-02       1 Divergence
   38 1.00000E-06 1.16690E+00 3.37378E+01 3.45872E-02       1 Divergence
   39 1.00000E-06 1.08519E+00 3.37378E+01 3.21655E-02       1 Divergence
   40 1.00000E-06 9.27502E-01 3.37378E+01 2.74914E-02       1 Divergence
   41 1.00000E-06 7.31170E-01 3.37378E+01 2.16721E-02       1 Divergence
   42 1.00000E-06 6.18885E-01 3.37378E+01 1.83439E-02       1 Divergence
   43 1.00000E-06 5.67331E-01 3.37378E+01 1.68159E-02       1 Divergence
   44 1.00000E-06 5.42842E-01 3.37378E+01 1.60900E-02       1 Divergence
   45 1.00000E-06 4.84399E-01 3.37378E+01 1.43577E-02       1 Divergence
   46 1.00000E-06 4.13007E-01 3.37378E+01 1.22417E-02       1 Divergence
   47 1.00000E-06 3.36185E-01 3.37378E+01 9.96462E-03       1 Divergence
   48 1.00000E-06 2.59314E-01 3.37378E+01 7.68614E-03       1 Divergence
   49 1.00000E-06 2.14588E-01 3.37378E+01 6.36045E-03       1 Divergence
   50 1.00000E-06 1.85117E-01 3.37378E+01 5.48692E-03       1 Divergence
   51 1.00000E-06 1.72616E-01 3.37378E+01 5.11640E-03       1 Divergence
   52 1.00000E-06 1.46232E-01 3.37378E+01 4.33438E-03       1 Divergence
   53 1.00000E-06 1.28179E-01 3.37378E+01 3.79925E-03       1 Divergence
   54 1.00000E-06 1.13383E-01 3.37378E+01 3.36072E-03       1 Divergence
   55 1.00000E-06 9.15053E-02 3.37378E+01 2.71225E-03       1 Divergence
   56 1.00000E-06 7.07146E-02 3.37378E+01 2.09600E-03       1 Divergence
   57 1.00000E-06 5.45179E-02 3.37378E+01 1.61593E-03       1 Divergence
   58 1.00000E-06 4.27177E-02 3.37378E+01 1.26617E-03       1 Divergence
   59 1.00000E-06 3.43608E-02 3.37378E+01 1.01846E-03       1 Divergence
   60 1.00000E-06 2.77462E-02 3.37378E+01 8.22406E-04       1 Divergence
   61 1.00000E-06 2.71449E-02 3.37378E+01 8.04582E-04       1 Divergence
   62 1.00000E-06 2.70567E-02 3.37378E+01 8.01970E-04       1 Divergence
   63 1.00000E-06 2.65373E-02 3.37378E+01 7.86574E-04       1 Divergence
   64 1.00000E-06 2.56664E-02 3.37378E+01 7.60759E-04       1 Divergence
   65 1.00000E-06 2.27213E-02 3.37378E+01 6.73466E-04       1 Divergence
   66 1.00000E-06 2.10584E-02 3.37378E+01 6.24177E-04       1 Divergence
   67 1.00000E-06 1.84620E-02 3.37378E+01 5.47220E-04       1 Divergence
   68 1.00000E-06 1.55158E-02 3.37378E+01 4.59893E-04       1 Divergence
   69 1.00000E-06 1.31086E-02 3.37378E+01 3.88542E-04       1 Divergence
   70 1.00000E-06 1.08915E-02 3.37378E+01 3.22827E-04       1 Divergence
   71 1.00000E-06 9.64384E-03 3.37378E+01 2.85846E-04       1 Divergence
   72 1.00000E-06 8.58922E-03 3.37378E+01 2.54587E-04       1 Divergence
   73 1.00000E-06 8.14128E-03 3.37378E+01 2.41310E-04       1 Divergence
   74 1.00000E-06 7.56598E-03 3.37378E+01 2.24258E-04       1 Divergence
   75 1.00000E-06 6.49703E-03 3.37378E+01 1.92574E-04       1 Divergence
   76 1.00000E-06 5.20635E-03 3.37378E+01 1.54318E-04       1 Divergence
   77 1.00000E-06 4.06625E-03 3.37378E+01 1.20525E-04       1 Divergence
   78 1.00000E-06 2.87385E-03 3.37378E+01 8.51819E-05       1 Divergence
   79 1.00000E-06 2.41044E-03 3.37378E+01 7.14462E-05       1 Divergence
   80 1.00000E-06 2.05517E-03 3.37378E+01 6.09158E-05       1 Divergence
   81 1.00000E-06 1.86695E-03 3.37378E+01 5.53371E-05       1 Divergence
   82 1.00000E-06 1.70997E-03 3.37378E+01 5.06840E-05       1 Divergence
   83 1.00000E-06 1.49458E-03 3.37378E+01 4.42999E-05       1 Divergence
   84 1.00000E-06 1.28948E-03 3.37378E+01 3.82207E-05       1 Divergence
   85 1.00000E-06 1.08314E-03 3.37378E+01 3.21047E-05       1 Divergence
   86 1.00000E-06 9.43186E-04 3.37378E+01 2.79563E-05       1 Divergence
   87 1.00000E-06 7.83555E-04 3.37378E+01 2.32248E-05       1 Divergence
   88 1.00000E-06 6.55181E-04 3.37378E+01 1.94198E-05       1 Divergence
   89 1.00000E-06 5.72960E-04 3.37378E+01 1.69827E-05       1 Divergence
   90 1.00000E-06 4.87612E-04 3.37378E+01 1.44530E-05       1 Divergence
   91 1.00000E-06 4.62625E-04 3.37378E+01 1.37124E-05       1 Divergence
   92 1.00000E-06 4.33355E-04 3.37378E+01 1.28448E-05       1 Divergence
   93 1.00000E-06 3.99618E-04 3.37378E+01 1.18448E-05       1 Divergence
   94 1.00000E-06 3.52772E-04 3.37378E+01 1.04563E-05       1 Divergence
   95 1.00000E-06 2.93285E-04 3.37378E+01 8.69306E-06       1 Divergence
   96 1.00000E-06 2.61026E-04 3.37378E+01 7.73690E-06       1 Divergence
   97 1.00000E-06 2.38553E-04 3.37378E+01 7.07078E-06       1 Divergence
   98 1.00000E-06 2.08455E-04 3.37378E+01 6.17868E-06       1 Divergence
   99 1.00000E-06 1.74991E-04 3.37378E+01 5.18679E-06       1 Divergence
  100 1.00000E-06 1.43713E-04 3.37378E+01 4.25971E-06       1 Divergence
  101 1.00000E-06 1.32570E-04 3.37378E+01 3.92943E-06       1 Divergence
  102 1.00000E-06 1.13782E-04 3.37378E+01 3.37253E-06       1 Divergence
  103 1.00000E-06 1.00960E-04 3.37378E+01 2.99249E-06       1 Divergence
  104 1.00000E-06 8.77351E-05 3.37378E+01 2.60050E-06       1 Divergence
  105 1.00000E-06 7.55164E-05 3.37378E+01 2.23833E-06       1 Divergence
  106 1.00000E-06 6.91473E-05 3.37378E+01 2.04955E-06       1 Divergence
  107 1.00000E-06 6.38749E-05 3.37378E+01 1.89327E-06       1 Divergence
  108 1.00000E-06 5.52728E-05 3.37378E+01 1.63830E-06       1 Divergence
  109 1.00000E-06 4.43773E-05 3.37378E+01 1.31536E-06       1 Divergence
  110 1.00000E-06 3.26336E-05 3.37378E+01 9.67270E-07       1 Divergence
  111 1.00000E-06 2.40638E-05 3.37378E+01 7.13257E-07       1 Divergence
  112 1.00000E-06 2.00181E-05 3.37378E+01 5.93343E-07       1 Divergence
  113 1.00000E-06 1.82054E-05 3.37378E+01 5.39614E-07       1 Divergence
  114 1.00000E-06 1.58462E-05 3.37378E+01 4.69685E-07       1 Divergence
  115 1.00000E-06 1.34976E-05 3.37378E+01 4.00073E-07       1 Divergence
  116 1.00000E-06 1.26502E-05 3.37378E+01 3.74956E-07       1 Divergence
  117 1.00000E-06 1.09991E-05 3.37378E+01 3.26016E-07       1 Divergence
  118 1.00000E-06 8.97988E-06 3.37378E+01 2.66166E-07       1 Divergence
  119 1.00000E-06 7.93214E-06 3.37378E+01 2.35111E-07       1 Divergence
  120 1.00000E-06 7.05943E-06 3.37378E+01 2.09244E-07       1 Divergence
  121 1.00000E-06 6.74284E-06 3.37378E+01 1.99860E-07       1 Divergence
  122 1.00000E-06 6.23201E-06 3.37378E+01 1.84719E-07       1 Divergence
  123 1.00000E-06 5.56636E-06 3.37378E+01 1.64989E-07       1 Divergence
  124 1.00000E-06 4.65902E-06 3.37378E+01 1.38095E-07       1 Divergence
  125 1.00000E-06 3.82939E-06 3.37378E+01 1.13504E-07       1 Divergence
  126 1.00000E-06 3.36960E-06 3.37378E+01 9.98761E-08       1 Divergence
  127 1.00000E-06 3.07838E-06 3.37378E+01 9.12441E-08       1 Divergence
  128 1.00000E-06 2.92050E-06 3.37378E+01 8.65645E-08       1 Divergence
  129 1.00000E-06 2.65807E-06 3.37378E+01 7.87861E-08       1 Divergence
  130 1.00000E-06 1.96234E-06 3.37378E+01 5.81643E-08       1 Divergence
  131 1.00000E-06 1.67951E-06 3.37378E+01 4.97811E-08       1 Divergence
  132 1.00000E-06 1.41926E-06 3.37378E+01 4.20673E-08       1 Divergence
  133 1.00000E-06 1.26169E-06 3.37378E+01 3.73968E-08       1 Divergence
  134 1.00000E-06 1.11323E-06 3.37378E+01 3.29964E-08       1 Divergence
  135 1.00000E-06 9.77179E-07 3.37378E+01 2.89639E-08       1 Divergence
        1 PRES gmres:  135  9.7718E-07  1.0000E-06  3.3738E+01  5.9026E-01  1.1843E+00    F
 9.99999999999999955E-8  p22  2*1
 New CG1-tolerance (RINIT*epsm) =  1.09131369558768338E-6,  5.93260049722164861E-24
  1     1 Helmholtz VELX    F:   1.8993E+02   1.0000E-07   1.0000E-02   5.0000E+03
  1     2 Helmholtz VELX    F:   2.0675E+01   1.0000E-07   1.0000E-02   5.0000E+03
  1     3 Helmholtz VELX    F:   2.9239E+00   1.0000E-07   1.0000E-02   5.0000E+03
  1     4 Helmholtz VELX    F:   6.1016E-01   1.0000E-07   1.0000E-02   5.0000E+03
  1     5 Helmholtz VELX    F:   1.5397E-01   1.0000E-07   1.0000E-02   5.0000E+03
  1     6 Helmholtz VELX    F:   3.6823E-02   1.0000E-07   1.0000E-02   5.0000E+03
  1     7 Helmholtz VELX    F:   8.4486E-03   1.0000E-07   1.0000E-02   5.0000E+03
  1     8 Helmholtz VELX    F:   1.7474E-03   1.0000E-07   1.0000E-02   5.0000E+03
  1     9 Helmholtz VELX    F:   4.3112E-04   1.0000E-07   1.0000E-02   5.0000E+03
  1    10 Helmholtz VELX    F:   1.0271E-04   1.0000E-07   1.0000E-02   5.0000E+03
  1    11 Helmholtz VELX    F:   2.4283E-05   1.0000E-07   1.0000E-02   5.0000E+03
  1    12 Helmholtz VELX    F:   5.9949E-06   1.0000E-07   1.0000E-02   5.0000E+03
  1    13 Helmholtz VELX    F:   1.2868E-06   1.0000E-07   1.0000E-02   5.0000E+03
  1    14 Helmholtz VELX    F:   3.3076E-07   1.0000E-07   1.0000E-02   5.0000E+03
  1    15 Helmholtz VELX    F:   7.5284E-08   1.0000E-07   1.0000E-02   5.0000E+03
          1    Hmholtz VELX:     14   7.5284E-08   1.8993E+02   1.0000E-07
 9.99999999999999955E-8  p22  2*1
 New CG1-tolerance (RINIT*epsm) =  1.22040526342336948E-10,  5.93260049722164861E-24
  1     1 Helmholtz VELY    F:   1.9811E+02   1.0000E-07   1.0000E-02   5.0000E+03
  1     2 Helmholtz VELY    F:   2.1523E+01   1.0000E-07   1.0000E-02   5.0000E+03
  1     3 Helmholtz VELY    F:   3.0602E+00   1.0000E-07   1.0000E-02   5.0000E+03
  1     4 Helmholtz VELY    F:   6.3844E-01   1.0000E-07   1.0000E-02   5.0000E+03
  1     5 Helmholtz VELY    F:   1.6021E-01   1.0000E-07   1.0000E-02   5.0000E+03
  1     6 Helmholtz VELY    F:   3.8409E-02   1.0000E-07   1.0000E-02   5.0000E+03
  1     7 Helmholtz VELY    F:   8.8996E-03   1.0000E-07   1.0000E-02   5.0000E+03
  1     8 Helmholtz VELY    F:   1.8308E-03   1.0000E-07   1.0000E-02   5.0000E+03
  1     9 Helmholtz VELY    F:   4.5015E-04   1.0000E-07   1.0000E-02   5.0000E+03
  1    10 Helmholtz VELY    F:   1.0717E-04   1.0000E-07   1.0000E-02   5.0000E+03
  1    11 Helmholtz VELY    F:   2.5318E-05   1.0000E-07   1.0000E-02   5.0000E+03
  1    12 Helmholtz VELY    F:   6.3445E-06   1.0000E-07   1.0000E-02   5.0000E+03
  1    13 Helmholtz VELY    F:   1.3528E-06   1.0000E-07   1.0000E-02   5.0000E+03
  1    14 Helmholtz VELY    F:   3.4153E-07   1.0000E-07   1.0000E-02   5.0000E+03
  1    15 Helmholtz VELY    F:   7.8684E-08   1.0000E-07   1.0000E-02   5.0000E+03
          1    Hmholtz VELY:     14   7.8684E-08   1.9811E+02   1.0000E-07
 9.99999999999999955E-8  p22  2*1
 New CG1-tolerance (RINIT*epsm) =  1.22040516477892367E-10,  5.93260049722164861E-24
  1     1 Helmholtz VELZ    F:   2.7903E+03   1.0000E-07   1.0000E-02   5.0000E+03
  1     2 Helmholtz VELZ    F:   1.8790E+02   1.0000E-07   1.0000E-02   5.0000E+03
  1     3 Helmholtz VELZ    F:   3.2323E+01   1.0000E-07   1.0000E-02   5.0000E+03
  1     4 Helmholtz VELZ    F:   6.0023E+00   1.0000E-07   1.0000E-02   5.0000E+03
  1     5 Helmholtz VELZ    F:   1.5834E+00   1.0000E-07   1.0000E-02   5.0000E+03
  1     6 Helmholtz VELZ    F:   3.2119E-01   1.0000E-07   1.0000E-02   5.0000E+03
  1     7 Helmholtz VELZ    F:   8.0398E-02   1.0000E-07   1.0000E-02   5.0000E+03
  1     8 Helmholtz VELZ    F:   1.6662E-02   1.0000E-07   1.0000E-02   5.0000E+03
  1     9 Helmholtz VELZ    F:   4.1597E-03   1.0000E-07   1.0000E-02   5.0000E+03
  1    10 Helmholtz VELZ    F:   1.0923E-03   1.0000E-07   1.0000E-02   5.0000E+03
  1    11 Helmholtz VELZ    F:   2.5461E-04   1.0000E-07   1.0000E-02   5.0000E+03
  1    12 Helmholtz VELZ    F:   5.7620E-05   1.0000E-07   1.0000E-02   5.0000E+03
  1    13 Helmholtz VELZ    F:   1.2233E-05   1.0000E-07   1.0000E-02   5.0000E+03
  1    14 Helmholtz VELZ    F:   3.0938E-06   1.0000E-07   1.0000E-02   5.0000E+03
  1    15 Helmholtz VELZ    F:   7.4027E-07   1.0000E-07   1.0000E-02   5.0000E+03
  1    16 Helmholtz VELZ    F:   1.5371E-07   1.0000E-07   1.0000E-02   5.0000E+03
  1    17 Helmholtz VELZ    F:   3.7830E-08   1.0000E-07   1.0000E-02   5.0000E+03
          1    Hmholtz VELZ:     16   3.7830E-08   2.7903E+03   1.0000E-07
               L1/L2 DIV(V)    :  -3.1673E-04   1.1368E-01
               L1/L2 QTL       :   0.0000E+00   0.0000E+00
               L1/L2 DIV(V)-QTL:  -3.1673E-04   1.1368E-01
               WARNING: DIV(V)-QTL too large!
          1   2.0000E-04  1.8061E+00 Fluid done
 schfile:/lustre/atlas/scratch/csep04/trn001/pipe_2/stenosis.sch                                                                             
Step      2, t= 4.0000000E-04, DT= 2.0000000E-04, C=  0.008 1.9454E+00 1.9454E+00
 Solving for fluid 3*T
 9.99999999999999955E-8  p22  2,  1
        2 PRES gmres:  137  9.5035E-07  1.0000E-06  4.6751E+01  5.9622E-01  1.1970E+00    F
 9.99999999999999955E-8  p22  2,  1
          2    Hmholtz VELX:     11   5.9138E-08   2.7655E+01   1.0000E-07
 9.99999999999999955E-8  p22  2,  1
          2    Hmholtz VELY:     11   6.1710E-08   2.7888E+01   1.0000E-07
 9.99999999999999955E-8  p22  2,  1
          2    Hmholtz VELZ:     12   7.3642E-08   1.2427E+02   1.0000E-07
               L1/L2 DIV(V)    :   1.1571E-04   8.7230E-02
               L1/L2 QTL       :   0.0000E+00   0.0000E+00
               L1/L2 DIV(V)-QTL:   1.1571E-04   8.7230E-02
          2   4.0000E-04  1.4830E+00 Fluid done
Step      3, t= 6.0000000E-04, DT= 2.0000000E-04, C=  0.008 3.4927E+00 1.5474E+00
 Solving for fluid 3*T
 9.99999999999999955E-8  p22  3,  1
        3 PRES gmres:  128  9.5553E-07  1.0000E-06  1.6223E+01  5.5852E-01  1.1262E+00    F
 9.99999999999999955E-8  p22  3,  1
          3    Hmholtz VELX:     11   2.7662E-08   1.2433E+01   1.0000E-07
 9.99999999999999955E-8  p22  3,  1
          3    Hmholtz VELY:     11   2.8586E-08   1.2634E+01   1.0000E-07
 9.99999999999999955E-8  p22  3,  1
          3    Hmholtz VELZ:     12   3.4676E-08   8.5695E+01   1.0000E-07
               L1/L2 DIV(V)    :  -1.3637E-04   7.0670E-02
               L1/L2 QTL       :   0.0000E+00   0.0000E+00
               L1/L2 DIV(V)-QTL:  -1.3637E-04   7.0670E-02
          3   6.0000E-04  1.3473E+00 Fluid done
Step      4, t= 8.0000000E-04, DT= 2.0000000E-04, C=  0.007 4.9046E+00 1.4119E+00
 Solving for fluid 3*T
        4 PRES gmres:  113  8.4899E-07  1.0000E-06  4.2494E+00  4.9211E-01  9.9302E-01    F
 this is mprev: 2*20
       4  1  1.8977E-02  1.8977E-02  1.0000E+00   0 alph1x
     4 halpha   0
          4    Hmholtz VELX:     10   8.6623E-08   7.7390E+00   1.0000E-07
       4  2  1.9753E-02  1.9753E-02  1.0000E+00   0 alph1x
     4 halpha   0
          4    Hmholtz VELY:     10   8.9573E-08   7.8358E+00   1.0000E-07
       4  3  2.7192E-01  2.7192E-01  1.0000E+00   0 alph1x
     4 halpha   0
          4    Hmholtz VELZ:     12   1.8466E-08   5.5681E+01   1.0000E-07
               L1/L2 DIV(V)    :  -7.0475E-05   5.7515E-02
               L1/L2 QTL       :   0.0000E+00   0.0000E+00
               L1/L2 DIV(V)-QTL:  -7.0475E-05   5.7515E-02
          4   8.0000E-04  1.2538E+00 Fluid done
Step      5, t= 1.0000000E-03, DT= 2.0000000E-04, C=  0.007 6.2228E+00 1.3181E+00
 Solving for fluid 3*T
          5    PRES alph1n  7.1809E+07  7.1809E+07  1.0000E+00     1
          5    PRES halpha     1 -9.0919E+01
        5 PRES gmres:   90  9.9455E-07  1.0000E-06  2.1950E+00  3.9189E-01  8.0823E-01    F
       5  1  1.8567E-02  1.0953E-02  1.6953E+00   1 alph1x
     5 halpha   1 -5.3489E-04
          5    Hmholtz VELX:     10   5.8572E-08   5.4596E+00   1.0000E-07
       5  2  1.9343E-02  1.1476E-02  1.6856E+00   1 alph1x
     5 halpha   1 -5.5554E-04
          5    Hmholtz VELY:     10   6.0210E-08   5.5329E+00   1.0000E-07
       5  3  2.6992E-01  1.4915E-01  1.8097E+00   1 alph1x
     5 halpha   1 -8.0354E-03
          5    Hmholtz VELZ:     11   7.2626E-08   4.3121E+01   1.0000E-07
               L1/L2 DIV(V)    :  -7.2933E-05   5.0536E-02
               L1/L2 QTL       :   0.0000E+00   0.0000E+00
               L1/L2 DIV(V)-QTL:  -7.2933E-05   5.0536E-02
          5   1.0000E-03  1.1114E+00 Fluid done
Step      6, t= 1.2000000E-03, DT= 2.0000000E-04, C=  0.007 7.3990E+00 1.1763E+00
 Solving for fluid 3*T
          6    PRES alph1n  7.1809E+07  7.1809E+07  1.0000E+00     2
          6    PRES halpha     2  5.7204E+00  3.5543E+00
        6 PRES gmres:   76  8.3943E-07  1.0000E-06  3.6361E-01  3.3081E-01  6.5883E-01    F
       6  1  1.8636E-02  1.0987E-02  1.6961E+00   2 alph1x
     6 halpha   2 -5.3688E-04 -1.1023E-05
          6    Hmholtz VELX:     10   3.7267E-08   4.4564E+00   1.0000E-07
       6  2  1.9416E-02  1.1511E-02  1.6867E+00   2 alph1x
     6 halpha   2 -5.5774E-04 -1.1135E-05
          6    Hmholtz VELY:     10   3.8627E-08   4.5196E+00   1.0000E-07
       6  3  2.7080E-01  1.4906E-01  1.8167E+00   2 alph1x
     6 halpha   2 -8.0641E-03 -4.6560E-04
          6    Hmholtz VELZ:     11   5.4673E-08   3.5480E+01   1.0000E-07
               L1/L2 DIV(V)    :  -7.8584E-05   4.5936E-02
               L1/L2 QTL       :   0.0000E+00   0.0000E+00
               L1/L2 DIV(V)-QTL:  -7.8584E-05   4.5936E-02
          6   1.2000E-03  9.6466E-01 Fluid done
Step      7, t= 1.4000000E-03, DT= 2.0000000E-04, C=  0.007 8.4293E+00 1.0303E+00
 Solving for fluid 3*T
          7    PRES alph1n  7.1809E+07  7.1809E+07  1.0000E+00     3
          7    PRES halpha     3  2.9338E+00  2.2459E+00  5.5559E+00
        7 PRES gmres:   83  8.9122E-07  1.0000E-06  1.2932E-01  3.6116E-01  7.2755E-01    F
       7  1  1.8627E-02  1.0778E-02  1.7282E+00   3 alph1x
     7 halpha   3 -5.3716E-04 -1.8916E-05  6.8915E-05
          7    Hmholtz VELX:     10   3.5413E-08   3.7847E+00   1.0000E-07
       7  2  1.9409E-02  1.1299E-02  1.7177E+00   3 alph1x
     7 halpha   3 -5.5811E-04 -1.9072E-05  7.1160E-05
          7    Hmholtz VELY:     10   3.6570E-08   3.8412E+00   1.0000E-07
       7  3  2.7100E-01  1.3253E-01  2.0448E+00   3 alph1x
     7 halpha   3 -8.0755E-03 -5.2908E-04  2.4004E-03
          7    Hmholtz VELZ:     11   4.7902E-08   3.0026E+01   1.0000E-07
               L1/L2 DIV(V)    :  -8.2113E-05   4.2965E-02
               L1/L2 QTL       :   0.0000E+00   0.0000E+00
               L1/L2 DIV(V)-QTL:  -8.2113E-05   4.2965E-02
          7   1.4000E-03  1.0321E+00 Fluid done
Step      8, t= 1.6000000E-03, DT= 2.0000000E-04, C=  0.007 9.5260E+00 1.0967E+00
 Solving for fluid 3*T
          8    PRES alph1n  7.1809E+07  7.1809E+07  1.0000E+00     4
          8    PRES halpha     4 -9.9311E-01  2.8597E+00  4.1032E+00  1.4338E+00
        8 PRES gmres:   70  7.8533E-07  1.0000E-06  8.1795E-02  3.0449E-01  6.0882E-01    F
       8  1  1.8605E-02  1.0678E-02  1.7424E+00   4 alph1x
     8 halpha   4 -5.3718E-04 -2.4816E-05  6.6117E-05  4.4536E-05
          8    Hmholtz VELX:     10   3.0525E-08   3.2774E+00   1.0000E-07
       8  2  1.9389E-02  1.1185E-02  1.7335E+00   4 alph1x
     8 halpha   4 -5.5820E-04 -2.5009E-05  6.8321E-05  5.0238E-05
          8    Hmholtz VELY:     10   3.1497E-08   3.3287E+00   1.0000E-07
       8  3  2.7111E-01  1.3252E-01  2.0459E+00   4 alph1x
     8 halpha   4 -8.0842E-03 -5.8043E-04  2.3709E-03  1.9149E-04
          8    Hmholtz VELZ:     11   3.9001E-08   2.6081E+01   1.0000E-07
     8  alpha b4 sqrt:   5 -1.6066E-10  7.8098E-03
     8  alpha b4 sqrt:   5  4.0003E-11  7.8098E-03
               L1/L2 DIV(V)    :  -8.4976E-05   4.1068E-02
               L1/L2 QTL       :   0.0000E+00   0.0000E+00
               L1/L2 DIV(V)-QTL:  -8.4976E-05   4.1068E-02
          8   1.6000E-03  9.2967E-01 Fluid done
Step      9, t= 1.8000000E-03, DT= 2.0000000E-04, C=  0.007 1.0520E+01 9.9439E-01
 Solving for fluid 3*T
          9    PRES alph1n  7.1809E+07  7.1809E+07  1.0000E+00     5
          9    PRES halpha     5 -4.8500E-01  2.1657E+00  3.1210E+00  1.2601E+00  1.0471E+00
        9 PRES gmres:   56  9.7846E-07  1.0000E-06  1.2829E-02  2.4383E-01  4.9590E-01    F
       9  1  1.8594E-02  1.0412E-02  1.7858E+00   5 alph1x
     9 halpha   5 -5.3732E-04 -2.9721E-05  6.3832E-05  4.2577E-05 -1.2810E-04
          9    Hmholtz VELX:     10   2.5827E-08   2.8719E+00   1.0000E-07
       9  2  1.9379E-02  1.0912E-02  1.7760E+00   5 alph1x
     9 halpha   5 -5.5841E-04 -2.9947E-05  6.5999E-05  4.8236E-05 -1.3379E-04
          9    Hmholtz VELY:     10   2.6667E-08   2.9194E+00   1.0000E-07
       9  3  2.7123E-01  1.3258E-01  2.0458E+00   5 alph1x
     9 halpha   5 -8.0923E-03 -6.2392E-04  2.3453E-03  1.7862E-04 -1.2849E-04
          9    Hmholtz VELZ:     11   3.1558E-08   2.3163E+01   1.0000E-07
     9  alpha b4 sqrt:   6 -3.0172E-09  7.8268E-03
     9  alpha b4 sqrt:   6  4.2086E-09  7.8268E-03
               L1/L2 DIV(V)    :  -8.7320E-05   3.9883E-02
               L1/L2 QTL       :   0.0000E+00   0.0000E+00
               L1/L2 DIV(V)-QTL:  -8.7320E-05   3.9883E-02
          9   1.8000E-03  8.1817E-01 Fluid done
Step     10, t= 2.0000000E-03, DT= 2.0000000E-04, C=  0.007 1.1403E+01 8.8259E-01
 Solving for fluid 3*T
         10    PRES alph1n  7.1809E+07  7.1809E+07  1.0000E+00     6
         10    PRES halpha     6 -3.5099E-01  1.6415E+00  2.4244E+00  1.0947E+00  9.8261E-01  1.4386E-01
       10 PRES gmres:   56  8.3275E-07  1.0000E-06  4.8398E-03  2.4396E-01  4.9602E-01    F
      10  1  1.8585E-02  1.4379E-02  1.2925E+00   6 alph1x
    10 halpha   6 -5.3745E-04 -3.3790E-05  6.1951E-05  4.0526E-05 -1.2947E-04  3.2471E-04
         10    Hmholtz VELX:     10   2.2169E-08   2.5463E+00   1.0000E-07
    10  alpha b4 sqrt:   7 -1.1584E-12  1.3926E-05
    10  alpha b4 sqrt:   7  1.7732E-12  1.3926E-05
      10  2  1.9371E-02  1.4460E-02  1.3397E+00   6 alph1x
    10 halpha   6 -5.5860E-04 -3.4046E-05  6.4084E-05  4.6142E-05 -1.3520E-04  3.2849E-04
         10    Hmholtz VELY:     10   2.2913E-08   2.5909E+00   1.0000E-07
    10  alpha b4 sqrt:   7 -1.0800E-12  1.5953E-05
    10  alpha b4 sqrt:   7  1.5379E-12  1.5953E-05
      10  3  2.7134E-01  1.3270E-01  2.0448E+00   6 alph1x
    10 halpha   6 -8.0996E-03 -6.6105E-04  2.3223E-03  1.6281E-04 -1.2045E-04 -5.7541E-05
         10    Hmholtz VELZ:     11   2.6165E-08   2.0949E+01   1.0000E-07
    10  alpha b4 sqrt:   7 -1.1781E-08  7.8427E-03
    10  alpha b4 sqrt:   7  2.9913E-08  7.8427E-03
               L1/L2 DIV(V)    :  -8.9295E-05   3.9162E-02
               L1/L2 QTL       :   0.0000E+00   0.0000E+00
               L1/L2 DIV(V)-QTL:  -8.9295E-05   3.9162E-02
         10   2.0000E-03  8.4681E-01 Fluid done
 call outfld: ifpsco: F

       10  2.0000E-03 Write checkpoint:

       10  2.0000E-03 OPEN: stenosis.fld01                                                                

end of time-step loop

runtime statistics:
 total time 12.324087242944335
 tgop time 3202,  1.24111175537109375E-2,  1.00706180579956776E-3
 inv3 time 20,  1.17015838623046875E-3,  9.49488885597102799E-5
 invc time 30,  5.91921806335449219E-3,  4.80296669982055197E-4
 mltd time 0,  2*0.
 cdtp time 30,  2*0.
 eslv time 0,  2*0.
 pres time 10,  8.5845315456390381,  0.6965653014630977
 crsl time 944,  3.13220024108886719E-2,  2.54152715681405395E-3
 crsl min  3.13220024108886719E-2
 crsl max  3.13220024108886719E-2
 crsl avg  3.13220024108886719E-2
 hmhz time 12,  9.2633788585662842,  0.75164827024976333
 spro time 11,  3.80420684814453125E-3,  3.08680616515635126E-4
 usbc time 10,  4.16574478149414062E-2,  3.38016495613423359E-3
 usbc min  4.16574478149414062E-2
 usbc max  4.16574478149414062E-2
 usb  avg  4.16574478149414062E-2
 axhm time 183,  1.8199713230133057,  0.14767595255829252
 advc time 30,  1.0629134178161621,  8.62468267923606896E-2
 vdss time 0,  2*0.
 vdss min  0.
 vdss max  0.
 vdss avg  0.
 dsum time 111,  1.24988555908203125E-2,  1.01418103786761449E-3
 dsum min  1.24988555908203125E-2
 dsum max  1.24988555908203125E-2
 dsum avg  1.24988555908203125E-2
 dadd time 0,  0.36693859100341797,  2.9774098784759416E-2
 ddsl time 0,  2*0.
 solv time 0,  2*0.
 prep time 10,  2.39403247833251953E-2,  1.94256372187167638E-3

#  nid       tusbc       tdadd       tcrsl       tvdss       tdsum        tgop    qqq    F
           0  4.1657E-02  3.6694E-01  3.1322E-02  0.0000E+00  1.2499E-02  1.2411E-02 qqq
  
call exitt: dying ...
  
backtrace(): obtained 6 stack frames.
./nek5000+pat() [0x706ce7]
./nek5000+pat() [0x851dd8]
./nek5000+pat() [0x47056c]
./nek5000+pat() [0x8f9b73]
/lib64/libc.so.6(__libc_start_main+0xe6) [0x2aaabbbaac36]
./nek5000+pat() [0x46fd89]
  
total elapsed time             :   1.38709E+01 sec
total solver time incl. I/O    :   1.23241E+01 sec
time/timestep                  :   1.23241E+00 sec
CPU seconds/timestep/gridpt    :   2.14284E-05 sec

Experiment data file written:
/lustre/atlas1/trn001/scratch/csep04/pipe_2/nek5000+pat+6315-2s.xf
Application 1041125 resources: utime ~13s, stime ~2s, Rss ~565008, inblocks ~13772, outblocks ~43251
